-------------------------------------------------------------------------------
Test set: com.gizet.startapp.PongoVetServiceEntityClinicApplicationTests
-------------------------------------------------------------------------------
Tests run: 1, Failures: 0, Errors: 1, Skipped: 0, Time elapsed: 7.534 s <<< FAILURE! - in com.gizet.startapp.PongoVetServiceEntityClinicApplicationTests
contextLoads  Time elapsed: 0.001 s  <<< ERROR!
java.lang.IllegalStateException: Failed to load ApplicationContext
Caused by: org.springframework.beans.factory.UnsatisfiedDependencyException: Error creating bean with name 'dataLoader' defined in file [C:\Users\constantin.lungu\IdeaProjects\pong-vet-clinic\pongo-vet-web\target\classes\com\gizet\bootstrap\DataLoader.class]: Unsatisfied dependency expressed through constructor parameter 0; nested exception is org.springframework.beans.factory.UnsatisfiedDependencyException: Error creating bean with name 'ownerServiceImpl' defined in URL [jar:file:/C:/Users/constantin.lungu/IdeaProjects/pong-vet-clinic/pong-vet-data/target/pong-vet-data-0.0.6-SNAPSHOT.jar!/com/gizet/services/map/OwnerServiceImpl.class]: Unsatisfied dependency expressed through constructor parameter 0; nested exception is org.springframework.beans.factory.NoSuchBeanDefinitionException: No qualifying bean of type 'com.gizet.services.PetTypeService' available: expected at least 1 bean which qualifies as autowire candidate. Dependency annotations: {}
Caused by: org.springframework.beans.factory.UnsatisfiedDependencyException: Error creating bean with name 'ownerServiceImpl' defined in URL [jar:file:/C:/Users/constantin.lungu/IdeaProjects/pong-vet-clinic/pong-vet-data/target/pong-vet-data-0.0.6-SNAPSHOT.jar!/com/gizet/services/map/OwnerServiceImpl.class]: Unsatisfied dependency expressed through constructor parameter 0; nested exception is org.springframework.beans.factory.NoSuchBeanDefinitionException: No qualifying bean of type 'com.gizet.services.PetTypeService' available: expected at least 1 bean which qualifies as autowire candidate. Dependency annotations: {}
Caused by: org.springframework.beans.factory.NoSuchBeanDefinitionException: No qualifying bean of type 'com.gizet.services.PetTypeService' available: expected at least 1 bean which qualifies as autowire candidate. Dependency annotations: {}

